%!Adobe-FontList 1.24
%Locale:0x409

%BeginFont
Handler:DirectoryHandler
FontType:Invalid
OutlineFileName:/Users/daisyranoe/Desktop/DAKLOZEN STIPPEN/10-10 en 11-11/Website/Webpagina stempelen map/Document fonts/AdobeFnt24.lst
FileLength:1249
FileModTime:777990516
%EndFont

%BeginFont
Handler:DirectoryHandler
FontType:Type1
FontName:MinionPro-Regular
FamilyName:Minion Pro
StyleName:Regular
MenuName:Minion Pro
StyleBits:0
WeightClass:400
WidthClass:5
AngleClass:0
FullName:Minion Pro
WritingScript:Roman
OutlineFileName:/Users/daisyranoe/Desktop/DAKLOZEN STIPPEN/10-10 en 11-11/Website/Webpagina stempelen map/Document fonts/MinionPro-Regular.otf
DataFormat:sfntData
UsesStandardEncoding:yes
isCFF:yes
hasSVG:no
hasSBIX:no
hasCOLR:no
VariableFontType:NonVariableFont
FileLength:218640
FileModTime:751206398
DesignSize:110
NameArray:0,Mac,4,Minion Pro
NameArray:0,Win,1,Minion Pro
%EndFont

%BeginFont
Handler:DirectoryHandler
FontType:TrueType
FontName:TiltWarp-Regular
FamilyName:Tilt Warp
StyleName:Regular
MenuName:Tilt Warp
FamilyPrefix:TiltWarp
StyleBits:0
WeightClass:400
WidthClass:5
AngleClass:0
FullName:Tilt Warp Regular
WritingScript:Roman
OutlineFileName:/Users/daisyranoe/Desktop/DAKLOZEN STIPPEN/10-10 en 11-11/Website/Webpagina stempelen map/Document fonts/TiltWarp-Regular-VariableFont_XROT,YROT.ttf
DataFormat:sfntData
hasSVG:no
hasSBIX:no
hasCOLR:no
VariableFontType:TrueTypeVariableFont
FileLength:236352
FileModTime:691599600
NameArray:0,Win,1,Tilt Warp
%EndFont

